
Unknown functions:
  application:get_env/2
  base64:encode/1
  base64:encode_to_string/1
  beam_lib:chunks/2
  beam_lib:version/1
  binary:part/3
  binary:split/3
  calendar:universal_time/0
  code:add_pathz/1
  code:all_loaded/0
  code:delete/1
  code:ensure_loaded/1
  code:get_object_code/1
  code:is_sticky/1
  code:load_binary/3
  code:load_file/1
  code:priv_dir/1
  code:purge/1
  code:stick_mod/1
  code:unstick_mod/1
  code:which/1
  compile:file/2
  compile:forms/2
  cover:compile_beam/1
  cover:compile_beam/2
  cover:compile_module/2
  cover:export/2
  cover:get_term/1
  cover:import/1
  cover:is_compiled/1
  cover:module_info/1
  cover:write/2
  crypto:rand_bytes/1
  crypto:sha/1
  dict:erase/2
  dict:fetch/2
  dict:find/2
  dict:fold/3
  dict:is_key/2
  dict:new/0
  dict:store/3
  erl_parse:abstract/1
  erl_syntax:atom/1
  erl_syntax:integer/1
  erl_syntax:list/1
  erl_syntax:revert/1
  erl_syntax:string/1
  erl_syntax:tuple/1
  erlang:atom_to_list/1
  erlang:binary_to_integer/1
  erlang:binary_to_integer/2
  erlang:binary_to_list/1
  erlang:date/0
  erlang:decode_packet/3
  erlang:erase/1
  erlang:fun_info/2
  erlang:function_exported/3
  erlang:get/1
  erlang:get_module_info/1
  erlang:get_module_info/2
  erlang:get_stacktrace/0
  erlang:integer_to_list/1
  erlang:iolist_size/1
  erlang:is_builtin/3
  erlang:is_process_alive/1
  erlang:link/1
  erlang:list_to_atom/1
  erlang:list_to_binary/1
  erlang:list_to_existing_atom/1
  erlang:list_to_integer/1
  erlang:list_to_pid/1
  erlang:load_nif/2
  erlang:localtime/0
  erlang:monitor/2
  erlang:process_flag/2
  erlang:process_info/1
  erlang:put/2
  erlang:raise/3
  erlang:registered/0
  erlang:spawn/3
  erlang:whereis/1
  error_logger:error_msg/2
  ets:match_spec_compile/1
  ets:match_spec_run/2
  eunit:test/1
  file:close/1
  file:delete/1
  file:list_dir/1
  file:open/2
  file:read_file/1
  file:read_file_info/1
  file:write_file/2
  filelib:fold_files/5
  filelib:is_dir/1
  filename:basename/2
  filename:dirname/1
  filename:extension/1
  filename:join/1
  filename:join/2
  gb_sets:is_element/2
  gb_sets:is_empty/1
  gb_sets:is_set/1
  gen_fsm:send_all_state_event/2
  gen_fsm:send_event/2
  gen_fsm:start_link/3
  gen_fsm:start_link/4
  gen_fsm:start_timer/2
  gen_fsm:sync_send_all_state_event/2
  gen_server:call/2
  gen_server:call/3
  gen_server:cast/2
  gen_server:reply/2
  gen_server:start/3
  gen_server:start/4
  gen_server:start_link/3
  gen_server:start_link/4
  gen_tcp:accept/1
  gen_tcp:close/1
  gen_tcp:connect/3
  gen_tcp:connect/4
  gen_tcp:controlling_process/2
  gen_tcp:listen/2
  gen_tcp:send/2
  http_uri:decode/1
  http_uri:parse/2
  inet:getaddr/2
  inet_parse:address/1
  io:format/1
  io:format/2
  io:format/3
  io_lib:format/2
  lists:append/1
  lists:duplicate/2
  lists:keystore/4
  lists:seq/2
  lists:seq/3
  lists:sublist/2
  ordsets:is_element/2
  ordsets:is_set/1
  ordsets:size/1
  os:timestamp/0
  prim_inet:recv/2
  prim_inet:recv/3
  prim_inet:send/3
  proc_lib:init_ack/1
  proc_lib:start_link/3
  proplists:delete/2
  proplists:get_all_values/2
  proplists:get_bool/2
  proplists:get_value/2
  proplists:get_value/3
  proplists:is_defined/2
  queue:in/2
  queue:is_empty/1
  queue:new/0
  queue:out/1
  re:replace/4
  re:run/2
  re:run/3
  rebar_config:get_global/2
  rebar_log:log/3
  rebar_utils:get_cwd/0
  sets:add_element/2
  sets:from_list/1
  sets:is_element/2
  sets:is_set/1
  sets:size/1
  sets:to_list/1
  ssl:close/1
  ssl:connect/3
  ssl:connect/4
  ssl:recv/2
  ssl:recv/3
  ssl:send/2
  string:concat/2
  string:equal/2
  string:left/2
  string:right/2
  string:str/2
  string:to_lower/1
  string:tokens/2
  supervisor:start_link/3
  timer:cancel/1
  timer:now_diff/2
  timer:seconds/1
  timer:send_interval/2
Unknown types:
  erlang:timestamp/0
  ets:comp_match_spec/0
  file:date_time/0
  gen_tcp:connect_option/0
  inet:port_number/0
  inet:socket/0
  meck_history:history_record/0
  proplists:property/0
  ssl:connect_option/0
  ssl:sslsocket/0
