
Unknown functions:
  compile:file/2
  compile:forms/2
  compile:noenv_forms/2
  compile:output_generated/1
  cover:get_main_node/0
  cover:import/1
  cover:start/1
  cover:stop/1
  dbg:p/2
  dbg:stop_clear/0
  dbg:tp/2
  dbg:tpl/2
  dbg:tpl/3
  dbg:tracer/0
  dbg_iserver:safe_call/1
  ftp:cd/2
  ftp:delete/2
  ftp:ls/2
  ftp:recv/3
  ftp:send/3
  ftp:type/2
  ftp:user/3
  httpd:parse_query/1
  i:iaa/1
  i:ib/3
  i:ii/1
  i:iq/1
  inets:start/0
  inets:start/2
  inets:stop/2
  public_key:compute_key/2
  public_key:compute_key/3
  public_key:decrypt_private/3
  public_key:decrypt_public/3
  public_key:der_decode/2
  public_key:encrypt_private/3
  public_key:encrypt_public/3
  public_key:generate_key/1
  public_key:pem_decode/1
  public_key:pem_entry_decode/1
  public_key:pem_entry_decode/2
  public_key:pkix_decode_cert/2
  public_key:pkix_encode/3
  public_key:pkix_is_fixed_dh_cert/1
  public_key:pkix_is_issuer/2
  public_key:pkix_is_self_signed/1
  public_key:pkix_issuer_id/2
  public_key:pkix_normalize_name/1
  public_key:pkix_path_validation/3
  public_key:pkix_sign_types/1
  public_key:sign/3
  public_key:verify/4
  sasl_report:format_report/3
  snmp_config:write_agent_community_config/3
  snmp_config:write_agent_context_config/3
  snmp_config:write_agent_notify_config/3
  snmp_config:write_agent_snmp_files/12
  snmp_config:write_agent_standard_config/3
  snmp_config:write_agent_target_addr_config/3
  snmp_config:write_agent_target_params_config/3
  snmp_config:write_agent_usm_config/3
  snmp_config:write_agent_vacm_config/3
  snmp_config:write_manager_snmp_files/8
  snmpa:load_mibs/2
  snmpa:unload_mibs/2
  snmpm:register_agent/3
  snmpm:register_user/3
  snmpm:register_usm_user/3
  snmpm:sync_get2/3
  snmpm:sync_get_next2/3
  snmpm:sync_set2/3
  snmpm:unregister_agent/2
  snmpm:unregister_user/1
  snmpm:unregister_usm_user/2
  ssh:close/1
  ssh:connect/3
  ssh:start/0
  ssh_connection:adjust_window/3
  ssh_connection:close/2
  ssh_connection:exec/4
  ssh_connection:send/3
  ssh_connection:send/5
  ssh_connection:session_channel/2
  ssh_connection:setenv/5
  ssh_connection:subsystem/4
  ssh_sftp:apread/4
  ssh_sftp:apwrite/4
  ssh_sftp:aread/3
  ssh_sftp:awrite/3
  ssh_sftp:close/2
  ssh_sftp:del_dir/2
  ssh_sftp:delete/2
  ssh_sftp:get_file_info/2
  ssh_sftp:list_dir/2
  ssh_sftp:make_dir/2
  ssh_sftp:make_symlink/3
  ssh_sftp:open/3
  ssh_sftp:opendir/2
  ssh_sftp:position/3
  ssh_sftp:pread/4
  ssh_sftp:pwrite/4
  ssh_sftp:read/3
  ssh_sftp:read_file/2
  ssh_sftp:read_file_info/2
  ssh_sftp:read_link/2
  ssh_sftp:read_link_info/2
  ssh_sftp:rename/3
  ssh_sftp:start_channel/1
  ssh_sftp:start_channel/3
  ssh_sftp:stop_channel/1
  ssh_sftp:write/3
  ssh_sftp:write_file/3
  ssh_sftp:write_file_info/3
  test_server:adjusted_sleep/1
  test_server:break/2
  test_server:break/3
  test_server:capture_get/0
  test_server:capture_start/0
  test_server:capture_stop/0
  test_server:comment/1
  test_server:continue/0
  test_server:continue/1
  test_server:get_timetrap_info/0
  test_server:is_cover/0
  test_server:lookup_config/2
  test_server:make_priv_dir/0
  test_server:permit_io/2
  test_server:seconds/1
  test_server:timetrap/1
  test_server:timetrap_cancel/0
  test_server_ctrl:abort/0
  test_server_ctrl:abort_current_testcase/1
  test_server_ctrl:add_case_with_skip/4
  test_server_ctrl:add_cases_with_skip/4
  test_server_ctrl:add_conf_with_skip/4
  test_server_ctrl:add_dir_with_skip/3
  test_server_ctrl:add_module_with_skip/3
  test_server_ctrl:cover/8
  test_server_ctrl:create_priv_dir/1
  test_server_ctrl:cross_cover_analyse/2
  test_server_ctrl:idle_notify/1
  test_server_ctrl:multiply_timetraps/1
  test_server_ctrl:reject_io_reqs/1
  test_server_ctrl:scale_timetraps/1
  test_server_ctrl:start_get_totals/1
  test_server_ctrl:start_link/1
  test_server_ctrl:stop/0
  test_server_ctrl:stop_get_totals/0
  test_server_ctrl:uri_encode/1
  test_server_ctrl:wait_finish/0
  test_server_io:finish/0
  test_server_io:print_unexpected/1
  test_server_io:reset_state/0
  test_server_io:set_fd/2
  test_server_io:start_link/0
  test_server_io:stop/1
  webtool:start/0
  webtool:start_tools/2
  webtool:stop/0
  webtool:stop_tools/2
  xmerl:export_simple/3
  xmerl_sax_parser:file/2
  xmerl_sax_parser:stream/2
Unknown types:
  compile:option/0
  inet:ipaddress/0
  public_key:private_key/0
