
Unknown functions:
  application:get_env/2
  application:start/1
  base16:encode/1
  base64:decode/1
  base64:encode/1
  binary:longest_common_prefix/1
  binary:split/2
  code:is_loaded/1
  crypto:exor/2
  crypto:md5/1
  crypto:rand_bytes/1
  crypto:sha/1
  crypto:sha_mac/2
  ct:fail/1
  ct:get_config/1
  ct:print/2
  ct_logs:add_link/3
  ct_rpc:call/6
  erlang:atom_to_list/1
  erlang:binary_to_integer/1
  erlang:binary_to_list/1
  erlang:exit/2
  erlang:get_module_info/1
  erlang:get_module_info/2
  erlang:get_stacktrace/0
  erlang:group_leader/2
  erlang:integer_to_binary/1
  erlang:integer_to_list/1
  erlang:iolist_to_binary/1
  erlang:is_process_alive/1
  erlang:list_to_binary/1
  erlang:make_fun/3
  erlang:make_ref/0
  erlang:now/0
  erlang:process_info/2
  erlang:raise/3
  erlang:whereis/1
  error_logger:error_msg/2
  error_logger:info_msg/2
  error_logger:warning_msg/2
  exml:escape_cdata/1
  exml:parse/1
  exml:to_iolist/1
  exml:to_list/1
  exml:unescape_cdata/1
  exml_query:attr/2
  exml_query:cdata/1
  exml_query:path/2
  exml_query:paths/2
  exml_query:subelement/2
  exml_stream:free_parser/1
  exml_stream:new_parser/0
  exml_stream:parse/2
  exml_stream:reset_parser/1
  file:close/1
  file:consult/1
  file:open/2
  file:write/2
  filename:dirname/1
  filename:join/1
  filename:join/2
  fusco_cp:request/7
  fusco_cp:start/3
  fusco_cp:stop/1
  gen_event:add_handler/3
  gen_event:call/3
  gen_event:delete_handler/3
  gen_event:notify/2
  gen_event:start_link/0
  gen_event:stop/1
  gen_server:call/2
  gen_server:cast/2
  gen_server:start_link/3
  gen_tcp:close/1
  gen_tcp:connect/3
  gen_tcp:send/2
  inet:ntoa/1
  inet:setopts/2
  io:format/2
  lists:append/1
  lists:duplicate/2
  lists:keystore/4
  lists:seq/2
  proc_lib:spawn_link/1
  proplists:delete/2
  proplists:get_bool/2
  proplists:get_value/2
  proplists:get_value/3
  proplists:is_defined/2
  proplists:lookup/2
  re:replace/4
  re:run/3
  ssl:close/1
  ssl:connect/2
  ssl:send/2
  ssl:setopts/2
  ssl:start/0
  supervisor:start_link/3
  timer:cancel/1
  timer:send_after/3
  timer:sleep/1
  wsecli:on_close/2
  wsecli:on_error/2
  wsecli:on_message/2
  wsecli:on_open/2
  wsecli:send/2
  wsecli:start/4
  wsecli:stop/1
  zlib:close/1
  zlib:deflate/3
  zlib:deflateEnd/1
  zlib:deflateInit/1
  zlib:inflate/2
  zlib:inflateEnd/1
  zlib:inflateInit/1
  zlib:open/0
Unknown types:
  exml_query:path/0
  inet:hostname/0
  inet:ip_address/0
  inet:port_number/0
  zlib:zstream/0
